# JRE version: OpenJDK Runtime Environment (8.0_242-b01) (build 1.8.0_242-release-1644-b01)
# Java VM: OpenJDK 64-Bit Server VM (25.242-b01 mixed mode windows-amd64 compressed oops)
Heap:
 PSYoungGen      total 419840K, used 65032K [0x00000000d5580000, 0x00000000f6280000, 0x0000000100000000)
  eden space 380928K, 15% used [0x00000000d5580000,0x00000000d8dea028,0x00000000ec980000)
  from space 38912K, 18% used [0x00000000ec980000,0x00000000ed098010,0x00000000eef80000)
  to   space 37376K, 0% used [0x00000000f3e00000,0x00000000f3e00000,0x00000000f6280000)
 ParOldGen       total 370176K, used 92961K [0x0000000080000000, 0x0000000096980000, 0x00000000d5580000)
  object space 370176K, 25% used [0x0000000080000000,0x0000000085ac85f0,0x0000000096980000)
 Metaspace       used 92522K, capacity 96964K, committed 101168K, reserved 1136640K
  class space    used 12091K, capacity 12924K, committed 13872K, reserved 1048576K
GC Heap History (10 events):
Event: 436.112 GC heap before
{Heap before GC invocations=20 (full 4):
 PSYoungGen      total 249856K, used 205824K [0x00000000d5580000, 0x00000000ea880000, 0x0000000100000000)
  eden space 205824K, 100% used [0x00000000d5580000,0x00000000e1e80000,0x00000000e1e80000)
  from space 44032K, 0% used [0x00000000e1e80000,0x00000000e1e80000,0x00000000e4980000)
  to   space 43008K, 0% used [0x00000000e7e80000,0x00000000e7e80000,0x00000000ea880000)
 ParOldGen       total 370176K, used 84345K [0x0000000080000000, 0x0000000096980000, 0x00000000d5580000)
  object space 370176K, 22% used [0x0000000080000000,0x000000008525e4b0,0x0000000096980000)
 Metaspace       used 91174K, capacity 95338K, committed 100144K, reserved 1136640K
  class space    used 11998K, capacity 12789K, committed 13872K, reserved 1048576K
Event: 436.117 GC heap after
Heap after GC invocations=20 (full 4):
 PSYoungGen      total 304128K, used 3941K [0x00000000d5580000, 0x00000000eac80000, 0x0000000100000000)
  eden space 261120K, 0% used [0x00000000d5580000,0x00000000d5580000,0x00000000e5480000)
  from space 43008K, 9% used [0x00000000e7e80000,0x00000000e8259588,0x00000000ea880000)
  to   space 43008K, 0% used [0x00000000e5480000,0x00000000e5480000,0x00000000e7e80000)
 ParOldGen       total 370176K, used 84345K [0x0000000080000000, 0x0000000096980000, 0x00000000d5580000)
  object space 370176K, 22% used [0x0000000080000000,0x000000008525e4b0,0x0000000096980000)
 Metaspace       used 91174K, capacity 95338K, committed 100144K, reserved 1136640K
  class space    used 11998K, capacity 12789K, committed 13872K, reserved 1048576K
}
Event: 436.380 GC heap before
{Heap before GC invocations=21 (full 4):
 PSYoungGen      total 304128K, used 265061K [0x00000000d5580000, 0x00000000eac80000, 0x0000000100000000)
  eden space 261120K, 100% used [0x00000000d5580000,0x00000000e5480000,0x00000000e5480000)
  from space 43008K, 9% used [0x00000000e7e80000,0x00000000e8259588,0x00000000ea880000)
  to   space 43008K, 0% used [0x00000000e5480000,0x00000000e5480000,0x00000000e7e80000)
 ParOldGen       total 370176K, used 84345K [0x0000000080000000, 0x0000000096980000, 0x00000000d5580000)
  object space 370176K, 22% used [0x0000000080000000,0x000000008525e4b0,0x0000000096980000)
 Metaspace       used 91989K, capacity 96366K, committed 100656K, reserved 1136640K
  class space    used 12085K, capacity 12921K, committed 13872K, reserved 1048576K
Event: 436.387 GC heap after
Heap after GC invocations=21 (full 4):
 PSYoungGen      total 304128K, used 5339K [0x00000000d5580000, 0x00000000ed980000, 0x0000000100000000)
  eden space 261120K, 0% used [0x00000000d5580000,0x00000000d5580000,0x00000000e5480000)
  from space 43008K, 12% used [0x00000000e5480000,0x00000000e59b6c70,0x00000000e7e80000)
  to   space 42496K, 0% used [0x00000000eb000000,0x00000000eb000000,0x00000000ed980000)
 ParOldGen       total 370176K, used 84353K [0x0000000080000000, 0x0000000096980000, 0x00000000d5580000)
  object space 370176K, 22% used [0x0000000080000000,0x00000000852604b0,0x0000000096980000)
 Metaspace       used 91989K, capacity 96366K, committed 100656K, reserved 1136640K
  class space    used 12085K, capacity 12921K, committed 13872K, reserved 1048576K
}
Event: 436.630 GC heap before
{Heap before GC invocations=22 (full 4):
 PSYoungGen      total 304128K, used 266459K [0x00000000d5580000, 0x00000000ed980000, 0x0000000100000000)
  eden space 261120K, 100% used [0x00000000d5580000,0x00000000e5480000,0x00000000e5480000)
  from space 43008K, 12% used [0x00000000e5480000,0x00000000e59b6c70,0x00000000e7e80000)
  to   space 42496K, 0% used [0x00000000eb000000,0x00000000eb000000,0x00000000ed980000)
 ParOldGen       total 370176K, used 84353K [0x0000000080000000, 0x0000000096980000, 0x00000000d5580000)
  object space 370176K, 22% used [0x0000000080000000,0x00000000852604b0,0x0000000096980000)
 Metaspace       used 92325K, capacity 96738K, committed 100912K, reserved 1136640K
  class space    used 12088K, capacity 12923K, committed 13872K, reserved 1048576K
Event: 436.638 GC heap after
Heap after GC invocations=22 (full 4):
 PSYoungGen      total 355840K, used 6832K [0x00000000d5580000, 0x00000000eda00000, 0x0000000100000000)
  eden space 313344K, 0% used [0x00000000d5580000,0x00000000d5580000,0x00000000e8780000)
  from space 42496K, 16% used [0x00000000eb000000,0x00000000eb6ac020,0x00000000ed980000)
  to   space 41472K, 0% used [0x00000000e8780000,0x00000000e8780000,0x00000000eb000000)
 ParOldGen       total 370176K, used 84361K [0x0000000080000000, 0x0000000096980000, 0x00000000d5580000)
  object space 370176K, 22% used [0x0000000080000000,0x00000000852624b0,0x0000000096980000)
 Metaspace       used 92325K, capacity 96738K, committed 100912K, reserved 1136640K
  class space    used 12088K, capacity 12923K, committed 13872K, reserved 1048576K
}
Event: 436.895 GC heap before
{Heap before GC invocations=23 (full 4):
 PSYoungGen      total 355840K, used 320176K [0x00000000d5580000, 0x00000000eda00000, 0x0000000100000000)
  eden space 313344K, 100% used [0x00000000d5580000,0x00000000e8780000,0x00000000e8780000)
  from space 42496K, 16% used [0x00000000eb000000,0x00000000eb6ac020,0x00000000ed980000)
  to   space 41472K, 0% used [0x00000000e8780000,0x00000000e8780000,0x00000000eb000000)
 ParOldGen       total 370176K, used 84361K [0x0000000080000000, 0x0000000096980000, 0x00000000d5580000)
  object space 370176K, 22% used [0x0000000080000000,0x00000000852624b0,0x0000000096980000)
 Metaspace       used 92486K, capacity 96898K, committed 101168K, reserved 1136640K
  class space    used 12090K, capacity 12923K, committed 13872K, reserved 1048576K
Event: 436.904 GC heap after
Heap after GC invocations=23 (full 4):
 PSYoungGen      total 354816K, used 8704K [0x00000000d5580000, 0x00000000f1680000, 0x0000000100000000)
  eden space 313344K, 0% used [0x00000000d5580000,0x00000000d5580000,0x00000000e8780000)
  from space 41472K, 20% used [0x00000000e8780000,0x00000000e9000010,0x00000000eb000000)
  to   space 39936K, 0% used [0x00000000eef80000,0x00000000eef80000,0x00000000f1680000)
 ParOldGen       total 370176K, used 84369K [0x0000000080000000, 0x0000000096980000, 0x00000000d5580000)
  object space 370176K, 22% used [0x0000000080000000,0x00000000852644b0,0x0000000096980000)
 Metaspace       used 92486K, capacity 96898K, committed 101168K, reserved 1136640K
  class space    used 12090K, capacity 12923K, committed 13872K, reserved 1048576K
}
Event: 437.169 GC heap before
{Heap before GC invocations=24 (full 4):
 PSYoungGen      total 354816K, used 322048K [0x00000000d5580000, 0x00000000f1680000, 0x0000000100000000)
  eden space 313344K, 100% used [0x00000000d5580000,0x00000000e8780000,0x00000000e8780000)
  from space 41472K, 20% used [0x00000000e8780000,0x00000000e9000010,0x00000000eb000000)
  to   space 39936K, 0% used [0x00000000eef80000,0x00000000eef80000,0x00000000f1680000)
 ParOldGen       total 370176K, used 84369K [0x0000000080000000, 0x0000000096980000, 0x00000000d5580000)
  object space 370176K, 22% used [0x0000000080000000,0x00000000852644b0,0x0000000096980000)
 Metaspace       used 92509K, capacity 96898K, committed 101168K, reserved 1136640K
  class space    used 12090K, capacity 12923K, committed 13872K, reserved 1048576K
Event: 437.177 GC heap after
Heap after GC invocations=24 (full 4):
 PSYoungGen      total 420352K, used 8032K [0x00000000d5580000, 0x00000000f1600000, 0x0000000100000000)
  eden space 380928K, 0% used [0x00000000d5580000,0x00000000d5580000,0x00000000ec980000)
  from space 39424K, 20% used [0x00000000eef80000,0x00000000ef758000,0x00000000f1600000)
  to   space 38912K, 0% used [0x00000000ec980000,0x00000000ec980000,0x00000000eef80000)
 ParOldGen       total 370176K, used 88044K [0x0000000080000000, 0x0000000096980000, 0x00000000d5580000)
  object space 370176K, 23% used [0x0000000080000000,0x00000000855fb230,0x0000000096980000)
 Metaspace       used 92509K, capacity 96898K, committed 101168K, reserved 1136640K
  class space    used 12090K, capacity 12923K, committed 13872K, reserved 1048576K
}

